

Microchip MPLAB XC8 Assembler V2.31 build 20201012212115 
                                                                                               Wed Feb 10 23:53:25 2021

Microchip MPLAB XC8 C Compiler v2.31 (Free license) build 20201012212115 Og1 
     1                           	processor	18F4550
     2                           	fnconf	rparam,??,?,0
     3                           	pagewidth 120
     4                           	opt	flic
     5                           	psect	idataCOMRAM,global,class=CODE,delta=1,noexec
     6                           	psect	cinit,global,reloc=2,class=CODE,delta=1
     7                           	psect	bssCOMRAM,global,class=COMRAM,space=1,delta=1,lowdata,noexec
     8                           	psect	dataCOMRAM,global,class=COMRAM,space=1,delta=1,lowdata,noexec
     9                           	psect	cstackCOMRAM,global,class=COMRAM,space=1,delta=1,lowdata,noexec
    10                           	psect	text0,global,reloc=2,class=CODE,delta=1
    11                           	psect	text1,global,reloc=2,class=CODE,delta=1
    12                           	psect	text2,global,reloc=2,class=CODE,delta=1
    13                           	psect	text3,global,reloc=2,class=CODE,delta=1
    14                           	psect	intcode,global,reloc=2,class=CODE,delta=1
    15                           	psect	intcode_body,global,reloc=2,class=CODE,delta=1
    16                           	psect	text5,global,reloc=2,class=CODE,delta=1
    17                           	psect	text6,global,reloc=2,class=CODE,delta=1,group=2
    18                           	psect	text7,global,reloc=2,class=CODE,delta=1
    19                           	psect	text8,global,reloc=2,class=CODE,delta=1
    20                           	psect	text9,global,reloc=2,class=CODE,delta=1
    21                           	psect	text10,global,reloc=2,class=CODE,delta=1
    22                           	psect	text11,global,reloc=2,class=CODE,delta=1
    23                           	psect	intsave_regs,global,class=BIGRAM,space=1,delta=1,noexec
    24                           	psect	rparam,global,class=COMRAM,space=1,delta=1,noexec
    25                           	psect	temp,global,ovrld,common,class=COMRAM,space=1,delta=1
    26                           	psect	idloc,global,abs,ovrld,class=IDLOC,space=5,delta=1,noexec
    27                           	psect	config,global,abs,ovrld,class=CONFIG,space=4,delta=1,noexec
    28  0000                     
    29                           ; Version 2.31
    30                           ; Generated 13/10/2020 GMT
    31                           ; 
    32                           ; Copyright © 2020, Microchip Technology Inc. and its subsidiaries ("Microchip")
    33                           ; All rights reserved.
    34                           ; 
    35                           ; This software is developed by Microchip Technology Inc. and its subsidiaries ("Microch
      +                          ip").
    36                           ; 
    37                           ; Redistribution and use in source and binary forms, with or without modification, are
    38                           ; permitted provided that the following conditions are met:
    39                           ; 
    40                           ;     1. Redistributions of source code must retain the above copyright notice, this lis
      +                          t of
    41                           ;        conditions and the following disclaimer.
    42                           ; 
    43                           ;     2. Redistributions in binary form must reproduce the above copyright notice, this 
      +                          list
    44                           ;        of conditions and the following disclaimer in the documentation and/or other
    45                           ;        materials provided with the distribution. Publication is not required when
    46                           ;        this file is used in an embedded application.
    47                           ; 
    48                           ;     3. Microchip's name may not be used to endorse or promote products derived from th
      +                          is
    49                           ;        software without specific prior written permission.
    50                           ; 
    51                           ; THIS SOFTWARE IS PROVIDED BY MICROCHIP "AS IS" AND ANY EXPRESS OR IMPLIED WARRANTIES,
    52                           ; INCLUDING, BUT NOT LIMITED TO, THE IMPLIED WARRANTIES OF MERCHANTABILITY AND FITNESS F
      +                          OR
    53                           ; PURPOSE ARE DISCLAIMED.  IN NO EVENT SHALL MICROCHIP BE LIABLE FOR ANY DIRECT, INDIREC
      +                          T,
    54                           ; INCIDENTAL, SPECIAL, EXEMPLARY, OR CONSEQUENTIAL DAMAGES (INCLUDING BUT NOT LIMITED TO
    55                           ; PROCUREMENT OF SUBSTITUTE GOODS OR SERVICES; LOSS OF USE, DATA OR PROFITS; OR BUSINESS
    56                           ; INTERRUPTION) HOWSOEVER CAUSED AND ON ANY THEORY OF LIABILITY, WHETHER IN CONTRACT, ST
      +                          RICT
    57                           ; LIABILITY, OR TORT (INCLUDING NEGLIGENCE OR OTHERWISE) ARISING IN ANY WAY OUT OF THE U
      +                          SE OF
    58                           ; THIS SOFTWARE, EVEN IF ADVISED OF THE POSSIBILITY OF SUCH DAMAGE.
    59                           ; 
    60                           ; 
    61                           ; Code-generator required, PIC18F4550 Definitions
    62                           ; 
    63                           ; SFR Addresses
    64  0000                     
    65                           	psect	idataCOMRAM
    66  0003E2                     __pidataCOMRAM:
    67                           	callstack 0
    68                           
    69                           ;initializer for _name
    70  0003E2  46                 	db	70
    71  0003E3  41                 	db	65
    72  0003E4  42                 	db	66
    73  0003E5  49                 	db	73
    74  0003E6  41                 	db	65
    75  0003E7  4E                 	db	78
    76  0003E8  2D                 	db	45
    77  0003E9  42                 	db	66
    78  0000                     _LATDbits	set	3980
    79  0000                     _LATE	set	3981
    80  0000                     _LATD	set	3980
    81  0000                     _TRISE	set	3990
    82  0000                     _TRISD	set	3989
    83  0000                     _ADCON1	set	4033
    84  0000                     _OSCCON	set	4051
    85  0000                     _LATE0	set	31848
    86  0000                     _LATE1	set	31849
    87  0000                     _INTEDG2	set	32652
    88  0000                     _INT2IF	set	32641
    89  0000                     _INT2IE	set	32644
    90  0000                     _GIE	set	32663
    91                           
    92                           ; #config settings
    93                           
    94                           	psect	cinit
    95  000366                     __pcinit:
    96                           	callstack 0
    97  000366                     start_initialization:
    98                           	callstack 0
    99  000366                     __initialization:
   100                           	callstack 0
   101                           
   102                           ; Initialize objects allocated to COMRAM (8 bytes)
   103                           ; load TBLPTR registers with __pidataCOMRAM
   104  000366  0EE2               	movlw	low __pidataCOMRAM
   105  000368  6EF6               	movwf	tblptrl,c
   106  00036A  0E03               	movlw	high __pidataCOMRAM
   107  00036C  6EF7               	movwf	tblptrh,c
   108  00036E  0E00               	movlw	low (__pidataCOMRAM shr (0+16))
   109  000370  6EF8               	movwf	tblptru,c
   110  000372  EE00  F00C         	lfsr	0,__pdataCOMRAM
   111  000376  EE10 F008          	lfsr	1,8
   112  00037A                     copy_data0:
   113  00037A  0009               	tblrd		*+
   114  00037C  CFF5 FFEE          	movff	tablat,postinc0
   115  000380  50E5               	movf	postdec1,w,c
   116  000382  50E1               	movf	fsr1l,w,c
   117  000384  E1FA               	bnz	copy_data0
   118                           
   119                           ; Clear objects allocated to COMRAM (2 bytes)
   120  000386  6A15               	clrf	(__pbssCOMRAM+1)& (0+255),c
   121  000388  6A14               	clrf	__pbssCOMRAM& (0+255),c
   122  00038A                     end_of_initialization:
   123                           	callstack 0
   124  00038A                     __end_of__initialization:
   125                           	callstack 0
   126  00038A  9016               	bcf	int$flags,0,c	;clear compiler interrupt flag (level 1)
   127  00038C  9216               	bcf	int$flags,1,c	;clear compiler interrupt flag (level 2)
   128  00038E  0100               	movlb	0
   129  000390  EFEB  F001         	goto	_main	;jump to C main() function
   130                           
   131                           	psect	bssCOMRAM
   132  000014                     __pbssCOMRAM:
   133                           	callstack 0
   134  000014                     _i:
   135                           	callstack 0
   136  000014                     	ds	2
   137                           
   138                           	psect	dataCOMRAM
   139  00000C                     __pdataCOMRAM:
   140                           	callstack 0
   141  00000C                     _name:
   142                           	callstack 0
   143  00000C                     	ds	8
   144                           
   145                           	psect	cstackCOMRAM
   146  000001                     __pcstackCOMRAM:
   147                           	callstack 0
   148  000001                     ??i2_LCD:
   149  000001                     ?_strlen:
   150                           	callstack 0
   151  000001                     strlen@s:
   152                           	callstack 0
   153                           
   154                           ; 2 bytes @ 0x0
   155  000001                     	ds	1
   156  000002                     i2LCD@data:
   157                           	callstack 0
   158                           
   159                           ; 1 bytes @ 0x1
   160  000002                     	ds	1
   161  000003                     WriteLCD@word:
   162                           	callstack 0
   163  000003                     i2SettingsLCD@word:
   164                           	callstack 0
   165  000003                     strlen@a:
   166                           	callstack 0
   167                           
   168                           ; 2 bytes @ 0x2
   169  000003                     	ds	1
   170  000004                     ??_DisplayShiftRight:
   171  000004                     ??_DisplayShiftLeft:
   172                           
   173                           ; 1 bytes @ 0x3
   174  000004                     	ds	1
   175  000005                     ??_PrintDataLCD:
   176                           
   177                           ; 1 bytes @ 0x4
   178  000005                     	ds	2
   179  000007                     ??_LCD_int:
   180                           
   181                           ; 1 bytes @ 0x6
   182  000007                     	ds	2
   183  000009                     ??_LCD:
   184                           
   185                           ; 1 bytes @ 0x8
   186  000009                     	ds	1
   187  00000A                     LCD@data:
   188                           	callstack 0
   189                           
   190                           ; 1 bytes @ 0x9
   191  00000A                     	ds	1
   192  00000B                     SettingsLCD@word:
   193                           	callstack 0
   194                           
   195                           ; 1 bytes @ 0xA
   196  00000B                     	ds	1
   197  00000C                     
   198                           ; 1 bytes @ 0xB
   199 ;;
   200 ;;Main: autosize = 0, tempsize = 0, incstack = 0, save=0
   201 ;;
   202 ;; *************** function _main *****************
   203 ;; Defined at:
   204 ;;		line 45 in file "main_LCD4bits.c"
   205 ;; Parameters:    Size  Location     Type
   206 ;;		None
   207 ;; Auto vars:     Size  Location     Type
   208 ;;		None
   209 ;; Return value:  Size  Location     Type
   210 ;;                  1    wreg      void 
   211 ;; Registers used:
   212 ;;		wreg, status,2, status,0, cstack
   213 ;; Tracked objects:
   214 ;;		On entry : 0/0
   215 ;;		On exit  : 0/0
   216 ;;		Unchanged: 0/0
   217 ;; Data sizes:     COMRAM   BANK0   BANK1   BANK2   BANK3   BANK4   BANK5   BANK6   BANK7
   218 ;;      Params:         0       0       0       0       0       0       0       0       0
   219 ;;      Locals:         0       0       0       0       0       0       0       0       0
   220 ;;      Temps:          0       0       0       0       0       0       0       0       0
   221 ;;      Totals:         0       0       0       0       0       0       0       0       0
   222 ;;Total ram usage:        0 bytes
   223 ;; Hardware stack levels required when called:    7
   224 ;; This function calls:
   225 ;;		_settings
   226 ;; This function is called by:
   227 ;;		Startup code after reset
   228 ;; This function uses a non-reentrant model
   229 ;;
   230                           
   231                           	psect	text0
   232  0003D6                     __ptext0:
   233                           	callstack 0
   234  0003D6                     _main:
   235                           	callstack 24
   236  0003D6                     
   237                           ;main_LCD4bits.c: 46:     settings();
   238  0003D6  EC5F  F001         	call	_settings	;wreg free
   239  0003DA                     l51:
   240  0003DA  EFED  F001         	goto	l51
   241  0003DE  EF07  F000         	goto	start
   242  0003E2                     __end_of_main:
   243                           	callstack 0
   244                           
   245 ;; *************** function _settings *****************
   246 ;; Defined at:
   247 ;;		line 52 in file "main_LCD4bits.c"
   248 ;; Parameters:    Size  Location     Type
   249 ;;		None
   250 ;; Auto vars:     Size  Location     Type
   251 ;;		None
   252 ;; Return value:  Size  Location     Type
   253 ;;                  1    wreg      void 
   254 ;; Registers used:
   255 ;;		wreg, status,2, status,0, cstack
   256 ;; Tracked objects:
   257 ;;		On entry : 0/0
   258 ;;		On exit  : 0/0
   259 ;;		Unchanged: 0/0
   260 ;; Data sizes:     COMRAM   BANK0   BANK1   BANK2   BANK3   BANK4   BANK5   BANK6   BANK7
   261 ;;      Params:         0       0       0       0       0       0       0       0       0
   262 ;;      Locals:         0       0       0       0       0       0       0       0       0
   263 ;;      Temps:          0       0       0       0       0       0       0       0       0
   264 ;;      Totals:         0       0       0       0       0       0       0       0       0
   265 ;;Total ram usage:        0 bytes
   266 ;; Hardware stack levels used:    1
   267 ;; Hardware stack levels required when called:    6
   268 ;; This function calls:
   269 ;;		_SettingsLCD
   270 ;; This function is called by:
   271 ;;		_main
   272 ;; This function uses a non-reentrant model
   273 ;;
   274                           
   275                           	psect	text1
   276  0002BE                     __ptext1:
   277                           	callstack 0
   278  0002BE                     _settings:
   279                           	callstack 24
   280  0002BE                     
   281                           ;main_LCD4bits.c: 53:     OSCCON = 0x72;
   282  0002BE  0E72               	movlw	114
   283  0002C0  6ED3               	movwf	211,c	;volatile
   284                           
   285                           ;main_LCD4bits.c: 54:     ADCON1 = 0x0F;
   286  0002C2  0E0F               	movlw	15
   287  0002C4  6EC1               	movwf	193,c	;volatile
   288                           
   289                           ;main_LCD4bits.c: 55:     TRISD = 0;
   290  0002C6  0E00               	movlw	0
   291  0002C8  6E95               	movwf	149,c	;volatile
   292                           
   293                           ;main_LCD4bits.c: 56:     TRISE = 0;
   294  0002CA  0E00               	movlw	0
   295  0002CC  6E96               	movwf	150,c	;volatile
   296                           
   297                           ;main_LCD4bits.c: 57:     LATD = 0;
   298  0002CE  0E00               	movlw	0
   299  0002D0  6E8C               	movwf	140,c	;volatile
   300                           
   301                           ;main_LCD4bits.c: 58:     LATE = 0;
   302  0002D2  0E00               	movlw	0
   303  0002D4  6E8D               	movwf	141,c	;volatile
   304  0002D6                     
   305                           ;main_LCD4bits.c: 60:     SettingsLCD(0x02);
   306  0002D6  0E02               	movlw	2
   307  0002D8  ECCA  F001         	call	_SettingsLCD
   308  0002DC                     
   309                           ;main_LCD4bits.c: 61:     SettingsLCD(0x06);
   310  0002DC  0E06               	movlw	6
   311  0002DE  ECCA  F001         	call	_SettingsLCD
   312  0002E2                     
   313                           ;main_LCD4bits.c: 62:     SettingsLCD(0x0F);
   314  0002E2  0E0F               	movlw	15
   315  0002E4  ECCA  F001         	call	_SettingsLCD
   316  0002E8                     
   317                           ;main_LCD4bits.c: 63:     SettingsLCD(0x28);
   318  0002E8  0E28               	movlw	40
   319  0002EA  ECCA  F001         	call	_SettingsLCD
   320  0002EE                     
   321                           ;main_LCD4bits.c: 64:     SettingsLCD(0x01);
   322  0002EE  0E01               	movlw	1
   323  0002F0  ECCA  F001         	call	_SettingsLCD
   324  0002F4                     
   325                           ;main_LCD4bits.c: 66:     GIE = 1;
   326  0002F4  8EF2               	bsf	4082,7,c	;volatile
   327  0002F6                     
   328                           ;main_LCD4bits.c: 67:     INT2IE = 1;
   329  0002F6  88F0               	bsf	4080,4,c	;volatile
   330  0002F8                     
   331                           ;main_LCD4bits.c: 68:     INT2IF = 0;
   332  0002F8  92F0               	bcf	4080,1,c	;volatile
   333  0002FA                     
   334                           ;main_LCD4bits.c: 69:     INTEDG2 = 0;
   335  0002FA  98F1               	bcf	4081,4,c	;volatile
   336  0002FC  0012               	return		;funcret
   337  0002FE                     __end_of_settings:
   338                           	callstack 0
   339                           
   340 ;; *************** function _SettingsLCD *****************
   341 ;; Defined at:
   342 ;;		line 72 in file "main_LCD4bits.c"
   343 ;; Parameters:    Size  Location     Type
   344 ;;  word            1    wreg     unsigned char 
   345 ;; Auto vars:     Size  Location     Type
   346 ;;  word            1   10[COMRAM] unsigned char 
   347 ;; Return value:  Size  Location     Type
   348 ;;                  1    wreg      void 
   349 ;; Registers used:
   350 ;;		wreg, status,2, status,0, cstack
   351 ;; Tracked objects:
   352 ;;		On entry : 0/0
   353 ;;		On exit  : 0/0
   354 ;;		Unchanged: 0/0
   355 ;; Data sizes:     COMRAM   BANK0   BANK1   BANK2   BANK3   BANK4   BANK5   BANK6   BANK7
   356 ;;      Params:         0       0       0       0       0       0       0       0       0
   357 ;;      Locals:         1       0       0       0       0       0       0       0       0
   358 ;;      Temps:          0       0       0       0       0       0       0       0       0
   359 ;;      Totals:         1       0       0       0       0       0       0       0       0
   360 ;;Total ram usage:        1 bytes
   361 ;; Hardware stack levels used:    1
   362 ;; Hardware stack levels required when called:    5
   363 ;; This function calls:
   364 ;;		_LCD
   365 ;; This function is called by:
   366 ;;		_settings
   367 ;; This function uses a non-reentrant model
   368 ;;
   369                           
   370                           	psect	text2
   371  000394                     __ptext2:
   372                           	callstack 0
   373  000394                     _SettingsLCD:
   374                           	callstack 24
   375                           
   376                           ;incstack = 0
   377                           ;SettingsLCD@word stored from wreg
   378  000394  6E0B               	movwf	SettingsLCD@word^0,c
   379  000396                     
   380                           ;main_LCD4bits.c: 73:     LATE1 = 0;
   381  000396  928D               	bcf	3981,1,c	;volatile
   382  000398                     
   383                           ;main_LCD4bits.c: 74:     LCD(word >> 4);
   384  000398  380B               	swapf	SettingsLCD@word^0,w,c
   385  00039A  0B0F               	andlw	15
   386  00039C  EC09  F000         	call	_LCD
   387                           
   388                           ;main_LCD4bits.c: 75:     LCD(word & 0x0F);
   389  0003A0  500B               	movf	SettingsLCD@word^0,w,c
   390  0003A2  0B0F               	andlw	15
   391  0003A4  EC09  F000         	call	_LCD
   392  0003A8  0012               	return		;funcret
   393  0003AA                     __end_of_SettingsLCD:
   394                           	callstack 0
   395                           
   396 ;; *************** function _LCD *****************
   397 ;; Defined at:
   398 ;;		line 84 in file "main_LCD4bits.c"
   399 ;; Parameters:    Size  Location     Type
   400 ;;  data            1    wreg     unsigned char 
   401 ;; Auto vars:     Size  Location     Type
   402 ;;  data            1    9[COMRAM] unsigned char 
   403 ;; Return value:  Size  Location     Type
   404 ;;                  1    wreg      void 
   405 ;; Registers used:
   406 ;;		wreg, status,2, status,0
   407 ;; Tracked objects:
   408 ;;		On entry : 0/0
   409 ;;		On exit  : 0/0
   410 ;;		Unchanged: 0/0
   411 ;; Data sizes:     COMRAM   BANK0   BANK1   BANK2   BANK3   BANK4   BANK5   BANK6   BANK7
   412 ;;      Params:         0       0       0       0       0       0       0       0       0
   413 ;;      Locals:         1       0       0       0       0       0       0       0       0
   414 ;;      Temps:          1       0       0       0       0       0       0       0       0
   415 ;;      Totals:         2       0       0       0       0       0       0       0       0
   416 ;;Total ram usage:        2 bytes
   417 ;; Hardware stack levels used:    1
   418 ;; Hardware stack levels required when called:    4
   419 ;; This function calls:
   420 ;;		Nothing
   421 ;; This function is called by:
   422 ;;		_SettingsLCD
   423 ;; This function uses a non-reentrant model
   424 ;;
   425                           
   426                           	psect	text3
   427  000012                     __ptext3:
   428                           	callstack 0
   429  000012                     _LCD:
   430                           	callstack 24
   431                           
   432                           ;incstack = 0
   433                           ;LCD@data stored from wreg
   434  000012  6E0A               	movwf	LCD@data^0,c
   435  000014                     
   436                           ;main_LCD4bits.c: 86:     LATDbits.LATD0 = (data & 0x01);
   437  000014  C00A  F009         	movff	LCD@data,??_LCD
   438  000018  0E01               	movlw	1
   439  00001A  1609               	andwf	??_LCD^0,f,c
   440  00001C  508C               	movf	140,w,c	;volatile
   441  00001E  1809               	xorwf	??_LCD^0,w,c
   442  000020  0BFE               	andlw	-2
   443  000022  1809               	xorwf	??_LCD^0,w,c
   444  000024  6E8C               	movwf	140,c	;volatile
   445  000026                     
   446                           ;main_LCD4bits.c: 87:     _delay((unsigned long)((10)*(8000000/4000.0)));
   447  000026  0E1A               	movlw	26
   448  000028  6E09               	movwf	??_LCD^0,c
   449  00002A  0EF8               	movlw	248
   450  00002C                     u117:
   451  00002C  2EE8               	decfsz	wreg,f,c
   452  00002E  D7FE               	bra	u117
   453  000030  2E09               	decfsz	??_LCD^0,f,c
   454  000032  D7FC               	bra	u117
   455  000034  D000               	nop2	
   456  000036                     
   457                           ;main_LCD4bits.c: 88:     LATDbits.LATD1 = (data & 0x02) >> 1;
   458  000036  C00A  F009         	movff	LCD@data,??_LCD
   459  00003A  90D8               	bcf	status,0,c
   460  00003C  3209               	rrcf	??_LCD^0,f,c
   461  00003E  0E01               	movlw	1
   462  000040  1609               	andwf	??_LCD^0,f,c
   463  000042  4609               	rlncf	??_LCD^0,f,c
   464  000044  508C               	movf	140,w,c	;volatile
   465  000046  1809               	xorwf	??_LCD^0,w,c
   466  000048  0BFD               	andlw	-3
   467  00004A  1809               	xorwf	??_LCD^0,w,c
   468  00004C  6E8C               	movwf	140,c	;volatile
   469                           
   470                           ;main_LCD4bits.c: 89:     _delay((unsigned long)((10)*(8000000/4000.0)));
   471  00004E  0E1A               	movlw	26
   472  000050  6E09               	movwf	??_LCD^0,c
   473  000052  0EF8               	movlw	248
   474  000054                     u127:
   475  000054  2EE8               	decfsz	wreg,f,c
   476  000056  D7FE               	bra	u127
   477  000058  2E09               	decfsz	??_LCD^0,f,c
   478  00005A  D7FC               	bra	u127
   479  00005C  D000               	nop2	
   480  00005E                     
   481                           ;main_LCD4bits.c: 90:     LATDbits.LATD2 = (data & 0x04) >> 2;
   482  00005E  C00A  F009         	movff	LCD@data,??_LCD
   483  000062  90D8               	bcf	status,0,c
   484  000064  3209               	rrcf	??_LCD^0,f,c
   485  000066  90D8               	bcf	status,0,c
   486  000068  3209               	rrcf	??_LCD^0,f,c
   487  00006A  0E01               	movlw	1
   488  00006C  1609               	andwf	??_LCD^0,f,c
   489  00006E  4609               	rlncf	??_LCD^0,f,c
   490  000070  4609               	rlncf	??_LCD^0,f,c
   491  000072  508C               	movf	140,w,c	;volatile
   492  000074  1809               	xorwf	??_LCD^0,w,c
   493  000076  0BFB               	andlw	-5
   494  000078  1809               	xorwf	??_LCD^0,w,c
   495  00007A  6E8C               	movwf	140,c	;volatile
   496  00007C                     
   497                           ;main_LCD4bits.c: 91:     _delay((unsigned long)((10)*(8000000/4000.0)));
   498  00007C  0E1A               	movlw	26
   499  00007E  6E09               	movwf	??_LCD^0,c
   500  000080  0EF8               	movlw	248
   501  000082                     u137:
   502  000082  2EE8               	decfsz	wreg,f,c
   503  000084  D7FE               	bra	u137
   504  000086  2E09               	decfsz	??_LCD^0,f,c
   505  000088  D7FC               	bra	u137
   506  00008A  D000               	nop2	
   507                           
   508                           ;main_LCD4bits.c: 92:     LATDbits.LATD3 = (data & 0x08) >> 3;
   509  00008C  C00A  F009         	movff	LCD@data,??_LCD
   510  000090  90D8               	bcf	status,0,c
   511  000092  3209               	rrcf	??_LCD^0,f,c
   512  000094  90D8               	bcf	status,0,c
   513  000096  3209               	rrcf	??_LCD^0,f,c
   514  000098  90D8               	bcf	status,0,c
   515  00009A  3209               	rrcf	??_LCD^0,f,c
   516  00009C  0E01               	movlw	1
   517  00009E  1609               	andwf	??_LCD^0,f,c
   518  0000A0  4609               	rlncf	??_LCD^0,f,c
   519  0000A2  4609               	rlncf	??_LCD^0,f,c
   520  0000A4  4609               	rlncf	??_LCD^0,f,c
   521  0000A6  508C               	movf	140,w,c	;volatile
   522  0000A8  1809               	xorwf	??_LCD^0,w,c
   523  0000AA  0BF7               	andlw	-9
   524  0000AC  1809               	xorwf	??_LCD^0,w,c
   525  0000AE  6E8C               	movwf	140,c	;volatile
   526  0000B0                     
   527                           ;main_LCD4bits.c: 93:     _delay((unsigned long)((10)*(8000000/4000.0)));
   528  0000B0  0E1A               	movlw	26
   529  0000B2  6E09               	movwf	??_LCD^0,c
   530  0000B4  0EF8               	movlw	248
   531  0000B6                     u147:
   532  0000B6  2EE8               	decfsz	wreg,f,c
   533  0000B8  D7FE               	bra	u147
   534  0000BA  2E09               	decfsz	??_LCD^0,f,c
   535  0000BC  D7FC               	bra	u147
   536  0000BE  D000               	nop2	
   537  0000C0                     
   538                           ;main_LCD4bits.c: 94:     LATE0 = 1;
   539  0000C0  808D               	bsf	3981,0,c	;volatile
   540  0000C2                     
   541                           ;main_LCD4bits.c: 95:     _delay((unsigned long)((10)*(8000000/4000.0)));
   542  0000C2  0E1A               	movlw	26
   543  0000C4  6E09               	movwf	??_LCD^0,c
   544  0000C6  0EF8               	movlw	248
   545  0000C8                     u157:
   546  0000C8  2EE8               	decfsz	wreg,f,c
   547  0000CA  D7FE               	bra	u157
   548  0000CC  2E09               	decfsz	??_LCD^0,f,c
   549  0000CE  D7FC               	bra	u157
   550  0000D0  D000               	nop2	
   551  0000D2                     
   552                           ;main_LCD4bits.c: 96:     LATE0 = 0;
   553  0000D2  908D               	bcf	3981,0,c	;volatile
   554  0000D4                     
   555                           ;main_LCD4bits.c: 97:     _delay((unsigned long)((10)*(8000000/4000.0)));
   556  0000D4  0E1A               	movlw	26
   557  0000D6  6E09               	movwf	??_LCD^0,c
   558  0000D8  0EF8               	movlw	248
   559  0000DA                     u167:
   560  0000DA  2EE8               	decfsz	wreg,f,c
   561  0000DC  D7FE               	bra	u167
   562  0000DE  2E09               	decfsz	??_LCD^0,f,c
   563  0000E0  D7FC               	bra	u167
   564  0000E2  D000               	nop2	
   565  0000E4  0012               	return		;funcret
   566  0000E6                     __end_of_LCD:
   567                           	callstack 0
   568                           
   569 ;; *************** function _LCD_int *****************
   570 ;; Defined at:
   571 ;;		line 100 in file "main_LCD4bits.c"
   572 ;; Parameters:    Size  Location     Type
   573 ;;		None
   574 ;; Auto vars:     Size  Location     Type
   575 ;;		None
   576 ;; Return value:  Size  Location     Type
   577 ;;                  1    wreg      void 
   578 ;; Registers used:
   579 ;;		wreg, fsr2l, fsr2h, status,2, status,0, cstack
   580 ;; Tracked objects:
   581 ;;		On entry : 0/0
   582 ;;		On exit  : 0/0
   583 ;;		Unchanged: 0/0
   584 ;; Data sizes:     COMRAM   BANK0   BANK1   BANK2   BANK3   BANK4   BANK5   BANK6   BANK7
   585 ;;      Params:         0       0       0       0       0       0       0       0       0
   586 ;;      Locals:         0       0       0       0       0       0       0       0       0
   587 ;;      Temps:          2       0       0       0       0       0       0       0       0
   588 ;;      Totals:         2       0       0       0       0       0       0       0       0
   589 ;;Total ram usage:        2 bytes
   590 ;; Hardware stack levels used:    1
   591 ;; Hardware stack levels required when called:    3
   592 ;; This function calls:
   593 ;;		_DisplayShiftLeft
   594 ;;		_DisplayShiftRight
   595 ;;		_PrintDataLCD
   596 ;; This function is called by:
   597 ;;		Interrupt level 2
   598 ;; This function uses a non-reentrant model
   599 ;;
   600                           
   601                           	psect	intcode
   602  000008                     __pintcode:
   603                           	callstack 0
   604  000008                     _LCD_int:
   605                           	callstack 24
   606                           
   607                           ;incstack = 0
   608  000008  8216               	bsf	int$flags,1,c	;set compiler interrupt flag (level 2)
   609  00000A  ED9A  F001         	call	int_func,f	;refresh shadow registers
   610                           
   611                           	psect	intcode_body
   612  000334                     __pintcode_body:
   613                           	callstack 24
   614  000334                     int_func:
   615                           	callstack 24
   616  000334  0006               	pop		; remove dummy address from shadow register refresh
   617  000336  CFD9 F007          	movff	fsr2l,??_LCD_int
   618  00033A  CFDA F008          	movff	fsr2h,??_LCD_int+1
   619  00033E                     
   620                           ;main_LCD4bits.c: 101:     if(INT2IF == 1){
   621  00033E  A2F0               	btfss	4080,1,c	;volatile
   622  000340  EFA4  F001         	goto	i2u10_41
   623  000344  EFA6  F001         	goto	i2u10_40
   624  000348                     i2u10_41:
   625  000348  EFAD  F001         	goto	i2l72
   626  00034C                     i2u10_40:
   627  00034C                     
   628                           ;main_LCD4bits.c: 102:         PrintDataLCD();
   629  00034C  ECDD  F000         	call	_PrintDataLCD	;wreg free
   630  000350                     
   631                           ;main_LCD4bits.c: 103:         DisplayShiftRight();
   632  000350  EC0F  F001         	call	_DisplayShiftRight	;wreg free
   633  000354                     
   634                           ;main_LCD4bits.c: 104:         DisplayShiftLeft();
   635  000354  EC37  F001         	call	_DisplayShiftLeft	;wreg free
   636  000358                     
   637                           ;main_LCD4bits.c: 105:         INT2IF = 0;
   638  000358  92F0               	bcf	4080,1,c	;volatile
   639  00035A                     i2l72:
   640  00035A  C008  FFDA         	movff	??_LCD_int+1,fsr2h
   641  00035E  C007  FFD9         	movff	??_LCD_int,fsr2l
   642  000362  9216               	bcf	int$flags,1,c	;clear compiler interrupt flag (level 2)
   643  000364  0011               	retfie		f
   644  000366                     __end_of_LCD_int:
   645                           	callstack 0
   646                           
   647 ;; *************** function _PrintDataLCD *****************
   648 ;; Defined at:
   649 ;;		line 109 in file "main_LCD4bits.c"
   650 ;; Parameters:    Size  Location     Type
   651 ;;		None
   652 ;; Auto vars:     Size  Location     Type
   653 ;;		None
   654 ;; Return value:  Size  Location     Type
   655 ;;                  1    wreg      void 
   656 ;; Registers used:
   657 ;;		wreg, fsr2l, fsr2h, status,2, status,0, cstack
   658 ;; Tracked objects:
   659 ;;		On entry : 0/0
   660 ;;		On exit  : 0/0
   661 ;;		Unchanged: 0/0
   662 ;; Data sizes:     COMRAM   BANK0   BANK1   BANK2   BANK3   BANK4   BANK5   BANK6   BANK7
   663 ;;      Params:         0       0       0       0       0       0       0       0       0
   664 ;;      Locals:         0       0       0       0       0       0       0       0       0
   665 ;;      Temps:          2       0       0       0       0       0       0       0       0
   666 ;;      Totals:         2       0       0       0       0       0       0       0       0
   667 ;;Total ram usage:        2 bytes
   668 ;; Hardware stack levels used:    1
   669 ;; Hardware stack levels required when called:    2
   670 ;; This function calls:
   671 ;;		_WriteLCD
   672 ;;		_strlen
   673 ;;		i2_SettingsLCD
   674 ;; This function is called by:
   675 ;;		_LCD_int
   676 ;; This function uses a non-reentrant model
   677 ;;
   678                           
   679                           	psect	text5
   680  0001BA                     __ptext5:
   681                           	callstack 0
   682  0001BA                     _PrintDataLCD:
   683                           	callstack 24
   684  0001BA                     
   685                           ;main_LCD4bits.c: 110:     SettingsLCD(0x80 +4);
   686  0001BA  0E84               	movlw	132
   687  0001BC  ECE0  F001         	call	i2_SettingsLCD
   688  0001C0                     
   689                           ;main_LCD4bits.c: 111:     for(i=0; i<=strlen(name); i++){
   690  0001C0  0E00               	movlw	0
   691  0001C2  6E15               	movwf	(_i+1)^0,c
   692  0001C4  0E00               	movlw	0
   693  0001C6  6E14               	movwf	_i^0,c
   694  0001C8  EFFD  F000         	goto	i2l952
   695  0001CC                     i2l946:
   696                           
   697                           ;main_LCD4bits.c: 112:         WriteLCD(name[i]);
   698  0001CC  0E0C               	movlw	low _name
   699  0001CE  2414               	addwf	_i^0,w,c
   700  0001D0  6ED9               	movwf	fsr2l,c
   701  0001D2  0E00               	movlw	high _name
   702  0001D4  2015               	addwfc	(_i+1)^0,w,c
   703  0001D6  6EDA               	movwf	fsr2h,c
   704  0001D8  50DF               	movf	indf2,w,c
   705  0001DA  ECD5  F001         	call	_WriteLCD
   706  0001DE                     
   707                           ;main_LCD4bits.c: 113:         _delay((unsigned long)((10*10)*(8000000/4000.0)));
   708  0001DE  0E02               	movlw	2
   709  0001E0  6E06               	movwf	(??_PrintDataLCD+1)^0,c
   710  0001E2  0E04               	movlw	4
   711  0001E4  6E05               	movwf	??_PrintDataLCD^0,c
   712  0001E6  0EBA               	movlw	186
   713  0001E8                     i2u17_47:
   714  0001E8  2EE8               	decfsz	wreg,f,c
   715  0001EA  D7FE               	bra	i2u17_47
   716  0001EC  2E05               	decfsz	??_PrintDataLCD^0,f,c
   717  0001EE  D7FC               	bra	i2u17_47
   718  0001F0  2E06               	decfsz	(??_PrintDataLCD+1)^0,f,c
   719  0001F2  D7FA               	bra	i2u17_47
   720  0001F4  D000               	nop2	
   721  0001F6                     
   722                           ;main_LCD4bits.c: 114:     }
   723  0001F6  4A14               	infsnz	_i^0,f,c
   724  0001F8  2A15               	incf	(_i+1)^0,f,c
   725  0001FA                     i2l952:
   726  0001FA  0E0C               	movlw	low _name
   727  0001FC  6E01               	movwf	strlen@s^0,c
   728  0001FE  0E00               	movlw	high _name
   729  000200  6E02               	movwf	(strlen@s+1)^0,c
   730  000202  EC7F  F001         	call	_strlen	;wreg free
   731  000206  5014               	movf	_i^0,w,c
   732  000208  5C01               	subwf	?_strlen^0,w,c
   733  00020A  5015               	movf	(_i+1)^0,w,c
   734  00020C  5802               	subwfb	(?_strlen+1)^0,w,c
   735  00020E  B0D8               	btfsc	status,0,c
   736  000210  EF0C  F001         	goto	i2u7_41
   737  000214  EF0E  F001         	goto	i2u7_40
   738  000218                     i2u7_41:
   739  000218  EFE6  F000         	goto	i2l946
   740  00021C                     i2u7_40:
   741  00021C  0012               	return		;funcret
   742  00021E                     __end_of_PrintDataLCD:
   743                           	callstack 0
   744                           
   745 ;; *************** function _strlen *****************
   746 ;; Defined at:
   747 ;;		line 5 in file "C:\Program Files\Microchip\xc8\v2.31\pic\sources\c99\common\strlen.c"
   748 ;; Parameters:    Size  Location     Type
   749 ;;  s               2    0[COMRAM] PTR const unsigned char 
   750 ;;		 -> name(8), 
   751 ;; Auto vars:     Size  Location     Type
   752 ;;  a               2    2[COMRAM] PTR const unsigned char 
   753 ;;		 -> name(8), 
   754 ;; Return value:  Size  Location     Type
   755 ;;                  2    0[COMRAM] unsigned int 
   756 ;; Registers used:
   757 ;;		wreg, fsr2l, fsr2h, status,2, status,0
   758 ;; Tracked objects:
   759 ;;		On entry : 0/0
   760 ;;		On exit  : 0/0
   761 ;;		Unchanged: 0/0
   762 ;; Data sizes:     COMRAM   BANK0   BANK1   BANK2   BANK3   BANK4   BANK5   BANK6   BANK7
   763 ;;      Params:         2       0       0       0       0       0       0       0       0
   764 ;;      Locals:         2       0       0       0       0       0       0       0       0
   765 ;;      Temps:          0       0       0       0       0       0       0       0       0
   766 ;;      Totals:         4       0       0       0       0       0       0       0       0
   767 ;;Total ram usage:        4 bytes
   768 ;; Hardware stack levels used:    1
   769 ;; This function calls:
   770 ;;		Nothing
   771 ;; This function is called by:
   772 ;;		_PrintDataLCD
   773 ;; This function uses a non-reentrant model
   774 ;;
   775                           
   776                           	psect	text6
   777  0002FE                     __ptext6:
   778                           	callstack 0
   779  0002FE                     _strlen:
   780                           	callstack 25
   781  0002FE  C001  F003         	movff	strlen@s,strlen@a
   782  000302  C002  F004         	movff	strlen@s+1,strlen@a+1
   783  000306  EF87  F001         	goto	i2l932
   784  00030A                     i2l930:
   785  00030A  4A01               	infsnz	strlen@s^0,f,c
   786  00030C  2A02               	incf	(strlen@s+1)^0,f,c
   787  00030E                     i2l932:
   788  00030E  C001  FFD9         	movff	strlen@s,fsr2l
   789  000312  C002  FFDA         	movff	strlen@s+1,fsr2h
   790  000316  50DF               	movf	indf2,w,c
   791  000318  A4D8               	btfss	status,2,c
   792  00031A  EF91  F001         	goto	i2u6_41
   793  00031E  EF93  F001         	goto	i2u6_40
   794  000322                     i2u6_41:
   795  000322  EF85  F001         	goto	i2l930
   796  000326                     i2u6_40:
   797  000326  5003               	movf	strlen@a^0,w,c
   798  000328  5C01               	subwf	strlen@s^0,w,c
   799  00032A  6E01               	movwf	?_strlen^0,c
   800  00032C  5004               	movf	(strlen@a+1)^0,w,c
   801  00032E  5802               	subwfb	(strlen@s+1)^0,w,c
   802  000330  6E02               	movwf	(?_strlen+1)^0,c
   803  000332  0012               	return		;funcret
   804  000334                     __end_of_strlen:
   805                           	callstack 0
   806                           
   807 ;; *************** function _WriteLCD *****************
   808 ;; Defined at:
   809 ;;		line 78 in file "main_LCD4bits.c"
   810 ;; Parameters:    Size  Location     Type
   811 ;;  word            1    wreg     unsigned char 
   812 ;; Auto vars:     Size  Location     Type
   813 ;;  word            1    2[COMRAM] unsigned char 
   814 ;; Return value:  Size  Location     Type
   815 ;;                  1    wreg      void 
   816 ;; Registers used:
   817 ;;		wreg, status,2, status,0, cstack
   818 ;; Tracked objects:
   819 ;;		On entry : 0/0
   820 ;;		On exit  : 0/0
   821 ;;		Unchanged: 0/0
   822 ;; Data sizes:     COMRAM   BANK0   BANK1   BANK2   BANK3   BANK4   BANK5   BANK6   BANK7
   823 ;;      Params:         0       0       0       0       0       0       0       0       0
   824 ;;      Locals:         1       0       0       0       0       0       0       0       0
   825 ;;      Temps:          0       0       0       0       0       0       0       0       0
   826 ;;      Totals:         1       0       0       0       0       0       0       0       0
   827 ;;Total ram usage:        1 bytes
   828 ;; Hardware stack levels used:    1
   829 ;; Hardware stack levels required when called:    1
   830 ;; This function calls:
   831 ;;		i2_LCD
   832 ;; This function is called by:
   833 ;;		_PrintDataLCD
   834 ;; This function uses a non-reentrant model
   835 ;;
   836                           
   837                           	psect	text7
   838  0003AA                     __ptext7:
   839                           	callstack 0
   840  0003AA                     _WriteLCD:
   841                           	callstack 24
   842                           
   843                           ;incstack = 0
   844                           ;WriteLCD@word stored from wreg
   845  0003AA  6E03               	movwf	WriteLCD@word^0,c
   846  0003AC                     
   847                           ;main_LCD4bits.c: 79:     LATE1 = 1;
   848  0003AC  828D               	bsf	3981,1,c	;volatile
   849  0003AE                     
   850                           ;main_LCD4bits.c: 80:     LCD(word >> 4);
   851  0003AE  3803               	swapf	WriteLCD@word^0,w,c
   852  0003B0  0B0F               	andlw	15
   853  0003B2  EC73  F000         	call	i2_LCD
   854                           
   855                           ;main_LCD4bits.c: 81:     LCD(word & 0x0F);
   856  0003B6  5003               	movf	WriteLCD@word^0,w,c
   857  0003B8  0B0F               	andlw	15
   858  0003BA  EC73  F000         	call	i2_LCD
   859  0003BE  0012               	return		;funcret
   860  0003C0                     __end_of_WriteLCD:
   861                           	callstack 0
   862                           
   863 ;; *************** function _DisplayShiftRight *****************
   864 ;; Defined at:
   865 ;;		line 117 in file "main_LCD4bits.c"
   866 ;; Parameters:    Size  Location     Type
   867 ;;		None
   868 ;; Auto vars:     Size  Location     Type
   869 ;;		None
   870 ;; Return value:  Size  Location     Type
   871 ;;                  1    wreg      void 
   872 ;; Registers used:
   873 ;;		wreg, status,2, status,0, cstack
   874 ;; Tracked objects:
   875 ;;		On entry : 0/0
   876 ;;		On exit  : 0/0
   877 ;;		Unchanged: 0/0
   878 ;; Data sizes:     COMRAM   BANK0   BANK1   BANK2   BANK3   BANK4   BANK5   BANK6   BANK7
   879 ;;      Params:         0       0       0       0       0       0       0       0       0
   880 ;;      Locals:         0       0       0       0       0       0       0       0       0
   881 ;;      Temps:          2       0       0       0       0       0       0       0       0
   882 ;;      Totals:         2       0       0       0       0       0       0       0       0
   883 ;;Total ram usage:        2 bytes
   884 ;; Hardware stack levels used:    1
   885 ;; Hardware stack levels required when called:    2
   886 ;; This function calls:
   887 ;;		i2_SettingsLCD
   888 ;; This function is called by:
   889 ;;		_LCD_int
   890 ;; This function uses a non-reentrant model
   891 ;;
   892                           
   893                           	psect	text8
   894  00021E                     __ptext8:
   895                           	callstack 0
   896  00021E                     _DisplayShiftRight:
   897                           	callstack 24
   898  00021E                     
   899                           ;main_LCD4bits.c: 118:     for(i=0; i<=3; i++){
   900  00021E  0E00               	movlw	0
   901  000220  6E15               	movwf	(_i+1)^0,c
   902  000222  0E00               	movlw	0
   903  000224  6E14               	movwf	_i^0,c
   904  000226                     i2l956:
   905  000226  BE15               	btfsc	(_i+1)^0,7,c
   906  000228  EF1F  F001         	goto	i2u8_41
   907  00022C  5015               	movf	(_i+1)^0,w,c
   908  00022E  E109               	bnz	i2u8_40
   909  000230  0E04               	movlw	4
   910  000232  5C14               	subwf	_i^0,w,c
   911  000234  A0D8               	btfss	status,0,c
   912  000236  EF1F  F001         	goto	i2u8_41
   913  00023A  EF21  F001         	goto	i2u8_40
   914  00023E                     i2u8_41:
   915  00023E  EF23  F001         	goto	i2l960
   916  000242                     i2u8_40:
   917  000242  EF36  F001         	goto	i2l83
   918  000246                     i2l960:
   919                           
   920                           ;main_LCD4bits.c: 119:         SettingsLCD(0x1C);
   921  000246  0E1C               	movlw	28
   922  000248  ECE0  F001         	call	i2_SettingsLCD
   923  00024C                     
   924                           ;main_LCD4bits.c: 120:         _delay((unsigned long)((10*10)*(8000000/4000.0)));
   925  00024C  0E02               	movlw	2
   926  00024E  6E05               	movwf	(??_DisplayShiftRight+1)^0,c
   927  000250  0E04               	movlw	4
   928  000252  6E04               	movwf	??_DisplayShiftRight^0,c
   929  000254  0EBA               	movlw	186
   930  000256                     i2u18_47:
   931  000256  2EE8               	decfsz	wreg,f,c
   932  000258  D7FE               	bra	i2u18_47
   933  00025A  2E04               	decfsz	??_DisplayShiftRight^0,f,c
   934  00025C  D7FC               	bra	i2u18_47
   935  00025E  2E05               	decfsz	(??_DisplayShiftRight+1)^0,f,c
   936  000260  D7FA               	bra	i2u18_47
   937  000262  D000               	nop2	
   938  000264                     
   939                           ;main_LCD4bits.c: 121:     }
   940  000264  4A14               	infsnz	_i^0,f,c
   941  000266  2A15               	incf	(_i+1)^0,f,c
   942  000268  EF13  F001         	goto	i2l956
   943  00026C                     i2l83:
   944  00026C  0012               	return		;funcret
   945  00026E                     __end_of_DisplayShiftRight:
   946                           	callstack 0
   947                           
   948 ;; *************** function _DisplayShiftLeft *****************
   949 ;; Defined at:
   950 ;;		line 124 in file "main_LCD4bits.c"
   951 ;; Parameters:    Size  Location     Type
   952 ;;		None
   953 ;; Auto vars:     Size  Location     Type
   954 ;;		None
   955 ;; Return value:  Size  Location     Type
   956 ;;                  1    wreg      void 
   957 ;; Registers used:
   958 ;;		wreg, status,2, status,0, cstack
   959 ;; Tracked objects:
   960 ;;		On entry : 0/0
   961 ;;		On exit  : 0/0
   962 ;;		Unchanged: 0/0
   963 ;; Data sizes:     COMRAM   BANK0   BANK1   BANK2   BANK3   BANK4   BANK5   BANK6   BANK7
   964 ;;      Params:         0       0       0       0       0       0       0       0       0
   965 ;;      Locals:         0       0       0       0       0       0       0       0       0
   966 ;;      Temps:          2       0       0       0       0       0       0       0       0
   967 ;;      Totals:         2       0       0       0       0       0       0       0       0
   968 ;;Total ram usage:        2 bytes
   969 ;; Hardware stack levels used:    1
   970 ;; Hardware stack levels required when called:    2
   971 ;; This function calls:
   972 ;;		i2_SettingsLCD
   973 ;; This function is called by:
   974 ;;		_LCD_int
   975 ;; This function uses a non-reentrant model
   976 ;;
   977                           
   978                           	psect	text9
   979  00026E                     __ptext9:
   980                           	callstack 0
   981  00026E                     _DisplayShiftLeft:
   982                           	callstack 24
   983  00026E                     
   984                           ;main_LCD4bits.c: 125:     for(i=0; i<=3; i++){
   985  00026E  0E00               	movlw	0
   986  000270  6E15               	movwf	(_i+1)^0,c
   987  000272  0E00               	movlw	0
   988  000274  6E14               	movwf	_i^0,c
   989  000276                     i2l970:
   990  000276  BE15               	btfsc	(_i+1)^0,7,c
   991  000278  EF47  F001         	goto	i2u9_41
   992  00027C  5015               	movf	(_i+1)^0,w,c
   993  00027E  E109               	bnz	i2u9_40
   994  000280  0E04               	movlw	4
   995  000282  5C14               	subwf	_i^0,w,c
   996  000284  A0D8               	btfss	status,0,c
   997  000286  EF47  F001         	goto	i2u9_41
   998  00028A  EF49  F001         	goto	i2u9_40
   999  00028E                     i2u9_41:
  1000  00028E  EF4B  F001         	goto	i2l974
  1001  000292                     i2u9_40:
  1002  000292  EF5E  F001         	goto	i2l88
  1003  000296                     i2l974:
  1004                           
  1005                           ;main_LCD4bits.c: 126:         SettingsLCD(0x18);
  1006  000296  0E18               	movlw	24
  1007  000298  ECE0  F001         	call	i2_SettingsLCD
  1008  00029C                     
  1009                           ;main_LCD4bits.c: 127:         _delay((unsigned long)((10*10)*(8000000/4000.0)));
  1010  00029C  0E02               	movlw	2
  1011  00029E  6E05               	movwf	(??_DisplayShiftLeft+1)^0,c
  1012  0002A0  0E04               	movlw	4
  1013  0002A2  6E04               	movwf	??_DisplayShiftLeft^0,c
  1014  0002A4  0EBA               	movlw	186
  1015  0002A6                     i2u19_47:
  1016  0002A6  2EE8               	decfsz	wreg,f,c
  1017  0002A8  D7FE               	bra	i2u19_47
  1018  0002AA  2E04               	decfsz	??_DisplayShiftLeft^0,f,c
  1019  0002AC  D7FC               	bra	i2u19_47
  1020  0002AE  2E05               	decfsz	(??_DisplayShiftLeft+1)^0,f,c
  1021  0002B0  D7FA               	bra	i2u19_47
  1022  0002B2  D000               	nop2	
  1023  0002B4                     
  1024                           ;main_LCD4bits.c: 128:     }
  1025  0002B4  4A14               	infsnz	_i^0,f,c
  1026  0002B6  2A15               	incf	(_i+1)^0,f,c
  1027  0002B8  EF3B  F001         	goto	i2l970
  1028  0002BC                     i2l88:
  1029  0002BC  0012               	return		;funcret
  1030  0002BE                     __end_of_DisplayShiftLeft:
  1031                           	callstack 0
  1032                           
  1033 ;; *************** function i2_SettingsLCD *****************
  1034 ;; Defined at:
  1035 ;;		line 72 in file "main_LCD4bits.c"
  1036 ;; Parameters:    Size  Location     Type
  1037 ;;  word            1    wreg     unsigned char 
  1038 ;; Auto vars:     Size  Location     Type
  1039 ;;  word            1    2[COMRAM] unsigned char 
  1040 ;; Return value:  Size  Location     Type
  1041 ;;                  1    wreg      void 
  1042 ;; Registers used:
  1043 ;;		wreg, status,2, status,0, cstack
  1044 ;; Tracked objects:
  1045 ;;		On entry : 0/0
  1046 ;;		On exit  : 0/0
  1047 ;;		Unchanged: 0/0
  1048 ;; Data sizes:     COMRAM   BANK0   BANK1   BANK2   BANK3   BANK4   BANK5   BANK6   BANK7
  1049 ;;      Params:         0       0       0       0       0       0       0       0       0
  1050 ;;      Locals:         1       0       0       0       0       0       0       0       0
  1051 ;;      Temps:          0       0       0       0       0       0       0       0       0
  1052 ;;      Totals:         1       0       0       0       0       0       0       0       0
  1053 ;;Total ram usage:        1 bytes
  1054 ;; Hardware stack levels used:    1
  1055 ;; Hardware stack levels required when called:    1
  1056 ;; This function calls:
  1057 ;;		i2_LCD
  1058 ;; This function is called by:
  1059 ;;		_PrintDataLCD
  1060 ;;		_DisplayShiftRight
  1061 ;;		_DisplayShiftLeft
  1062 ;; This function uses a non-reentrant model
  1063 ;;
  1064                           
  1065                           	psect	text10
  1066  0003C0                     __ptext10:
  1067                           	callstack 0
  1068  0003C0                     i2_SettingsLCD:
  1069                           	callstack 24
  1070                           
  1071                           ;incstack = 0
  1072                           ;i2SettingsLCD@word stored from wreg
  1073  0003C0  6E03               	movwf	i2SettingsLCD@word^0,c
  1074  0003C2                     
  1075                           ;main_LCD4bits.c: 73:     LATE1 = 0;
  1076  0003C2  928D               	bcf	3981,1,c	;volatile
  1077  0003C4                     
  1078                           ;main_LCD4bits.c: 74:     LCD(word >> 4);
  1079  0003C4  3803               	swapf	i2SettingsLCD@word^0,w,c
  1080  0003C6  0B0F               	andlw	15
  1081  0003C8  EC73  F000         	call	i2_LCD
  1082                           
  1083                           ;main_LCD4bits.c: 75:     LCD(word & 0x0F);
  1084  0003CC  5003               	movf	i2SettingsLCD@word^0,w,c
  1085  0003CE  0B0F               	andlw	15
  1086  0003D0  EC73  F000         	call	i2_LCD
  1087  0003D4  0012               	return		;funcret
  1088  0003D6                     __end_ofi2_SettingsLCD:
  1089                           	callstack 0
  1090                           
  1091 ;; *************** function i2_LCD *****************
  1092 ;; Defined at:
  1093 ;;		line 84 in file "main_LCD4bits.c"
  1094 ;; Parameters:    Size  Location     Type
  1095 ;;  data            1    wreg     unsigned char 
  1096 ;; Auto vars:     Size  Location     Type
  1097 ;;  data            1    1[COMRAM] unsigned char 
  1098 ;; Return value:  Size  Location     Type
  1099 ;;                  1    wreg      void 
  1100 ;; Registers used:
  1101 ;;		wreg, status,2, status,0
  1102 ;; Tracked objects:
  1103 ;;		On entry : 0/0
  1104 ;;		On exit  : 0/0
  1105 ;;		Unchanged: 0/0
  1106 ;; Data sizes:     COMRAM   BANK0   BANK1   BANK2   BANK3   BANK4   BANK5   BANK6   BANK7
  1107 ;;      Params:         0       0       0       0       0       0       0       0       0
  1108 ;;      Locals:         1       0       0       0       0       0       0       0       0
  1109 ;;      Temps:          1       0       0       0       0       0       0       0       0
  1110 ;;      Totals:         2       0       0       0       0       0       0       0       0
  1111 ;;Total ram usage:        2 bytes
  1112 ;; Hardware stack levels used:    1
  1113 ;; This function calls:
  1114 ;;		Nothing
  1115 ;; This function is called by:
  1116 ;;		_WriteLCD
  1117 ;;		i2_SettingsLCD
  1118 ;; This function uses a non-reentrant model
  1119 ;;
  1120                           
  1121                           	psect	text11
  1122  0000E6                     __ptext11:
  1123                           	callstack 0
  1124  0000E6                     i2_LCD:
  1125                           	callstack 24
  1126                           
  1127                           ;incstack = 0
  1128                           ;i2LCD@data stored from wreg
  1129  0000E6  6E02               	movwf	i2LCD@data^0,c
  1130  0000E8                     
  1131                           ;main_LCD4bits.c: 86:     LATDbits.LATD0 = (data & 0x01);
  1132  0000E8  C002  F001         	movff	i2LCD@data,??i2_LCD
  1133  0000EC  0E01               	movlw	1
  1134  0000EE  1601               	andwf	??i2_LCD^0,f,c
  1135  0000F0  508C               	movf	140,w,c	;volatile
  1136  0000F2  1801               	xorwf	??i2_LCD^0,w,c
  1137  0000F4  0BFE               	andlw	-2
  1138  0000F6  1801               	xorwf	??i2_LCD^0,w,c
  1139  0000F8  6E8C               	movwf	140,c	;volatile
  1140  0000FA                     
  1141                           ;main_LCD4bits.c: 87:     _delay((unsigned long)((10)*(8000000/4000.0)));
  1142  0000FA  0E1A               	movlw	26
  1143  0000FC  6E01               	movwf	??i2_LCD^0,c
  1144  0000FE  0EF8               	movlw	248
  1145  000100                     i2u20_47:
  1146  000100  2EE8               	decfsz	wreg,f,c
  1147  000102  D7FE               	bra	i2u20_47
  1148  000104  2E01               	decfsz	??i2_LCD^0,f,c
  1149  000106  D7FC               	bra	i2u20_47
  1150  000108  D000               	nop2	
  1151  00010A                     
  1152                           ;main_LCD4bits.c: 88:     LATDbits.LATD1 = (data & 0x02) >> 1;
  1153  00010A  C002  F001         	movff	i2LCD@data,??i2_LCD
  1154  00010E  90D8               	bcf	status,0,c
  1155  000110  3201               	rrcf	??i2_LCD^0,f,c
  1156  000112  0E01               	movlw	1
  1157  000114  1601               	andwf	??i2_LCD^0,f,c
  1158  000116  4601               	rlncf	??i2_LCD^0,f,c
  1159  000118  508C               	movf	140,w,c	;volatile
  1160  00011A  1801               	xorwf	??i2_LCD^0,w,c
  1161  00011C  0BFD               	andlw	-3
  1162  00011E  1801               	xorwf	??i2_LCD^0,w,c
  1163  000120  6E8C               	movwf	140,c	;volatile
  1164                           
  1165                           ;main_LCD4bits.c: 89:     _delay((unsigned long)((10)*(8000000/4000.0)));
  1166  000122  0E1A               	movlw	26
  1167  000124  6E01               	movwf	??i2_LCD^0,c
  1168  000126  0EF8               	movlw	248
  1169  000128                     i2u21_47:
  1170  000128  2EE8               	decfsz	wreg,f,c
  1171  00012A  D7FE               	bra	i2u21_47
  1172  00012C  2E01               	decfsz	??i2_LCD^0,f,c
  1173  00012E  D7FC               	bra	i2u21_47
  1174  000130  D000               	nop2	
  1175  000132                     
  1176                           ;main_LCD4bits.c: 90:     LATDbits.LATD2 = (data & 0x04) >> 2;
  1177  000132  C002  F001         	movff	i2LCD@data,??i2_LCD
  1178  000136  90D8               	bcf	status,0,c
  1179  000138  3201               	rrcf	??i2_LCD^0,f,c
  1180  00013A  90D8               	bcf	status,0,c
  1181  00013C  3201               	rrcf	??i2_LCD^0,f,c
  1182  00013E  0E01               	movlw	1
  1183  000140  1601               	andwf	??i2_LCD^0,f,c
  1184  000142  4601               	rlncf	??i2_LCD^0,f,c
  1185  000144  4601               	rlncf	??i2_LCD^0,f,c
  1186  000146  508C               	movf	140,w,c	;volatile
  1187  000148  1801               	xorwf	??i2_LCD^0,w,c
  1188  00014A  0BFB               	andlw	-5
  1189  00014C  1801               	xorwf	??i2_LCD^0,w,c
  1190  00014E  6E8C               	movwf	140,c	;volatile
  1191  000150                     
  1192                           ;main_LCD4bits.c: 91:     _delay((unsigned long)((10)*(8000000/4000.0)));
  1193  000150  0E1A               	movlw	26
  1194  000152  6E01               	movwf	??i2_LCD^0,c
  1195  000154  0EF8               	movlw	248
  1196  000156                     i2u22_47:
  1197  000156  2EE8               	decfsz	wreg,f,c
  1198  000158  D7FE               	bra	i2u22_47
  1199  00015A  2E01               	decfsz	??i2_LCD^0,f,c
  1200  00015C  D7FC               	bra	i2u22_47
  1201  00015E  D000               	nop2	
  1202                           
  1203                           ;main_LCD4bits.c: 92:     LATDbits.LATD3 = (data & 0x08) >> 3;
  1204  000160  C002  F001         	movff	i2LCD@data,??i2_LCD
  1205  000164  90D8               	bcf	status,0,c
  1206  000166  3201               	rrcf	??i2_LCD^0,f,c
  1207  000168  90D8               	bcf	status,0,c
  1208  00016A  3201               	rrcf	??i2_LCD^0,f,c
  1209  00016C  90D8               	bcf	status,0,c
  1210  00016E  3201               	rrcf	??i2_LCD^0,f,c
  1211  000170  0E01               	movlw	1
  1212  000172  1601               	andwf	??i2_LCD^0,f,c
  1213  000174  4601               	rlncf	??i2_LCD^0,f,c
  1214  000176  4601               	rlncf	??i2_LCD^0,f,c
  1215  000178  4601               	rlncf	??i2_LCD^0,f,c
  1216  00017A  508C               	movf	140,w,c	;volatile
  1217  00017C  1801               	xorwf	??i2_LCD^0,w,c
  1218  00017E  0BF7               	andlw	-9
  1219  000180  1801               	xorwf	??i2_LCD^0,w,c
  1220  000182  6E8C               	movwf	140,c	;volatile
  1221  000184                     
  1222                           ;main_LCD4bits.c: 93:     _delay((unsigned long)((10)*(8000000/4000.0)));
  1223  000184  0E1A               	movlw	26
  1224  000186  6E01               	movwf	??i2_LCD^0,c
  1225  000188  0EF8               	movlw	248
  1226  00018A                     i2u23_47:
  1227  00018A  2EE8               	decfsz	wreg,f,c
  1228  00018C  D7FE               	bra	i2u23_47
  1229  00018E  2E01               	decfsz	??i2_LCD^0,f,c
  1230  000190  D7FC               	bra	i2u23_47
  1231  000192  D000               	nop2	
  1232  000194                     
  1233                           ;main_LCD4bits.c: 94:     LATE0 = 1;
  1234  000194  808D               	bsf	3981,0,c	;volatile
  1235  000196                     
  1236                           ;main_LCD4bits.c: 95:     _delay((unsigned long)((10)*(8000000/4000.0)));
  1237  000196  0E1A               	movlw	26
  1238  000198  6E01               	movwf	??i2_LCD^0,c
  1239  00019A  0EF8               	movlw	248
  1240  00019C                     i2u24_47:
  1241  00019C  2EE8               	decfsz	wreg,f,c
  1242  00019E  D7FE               	bra	i2u24_47
  1243  0001A0  2E01               	decfsz	??i2_LCD^0,f,c
  1244  0001A2  D7FC               	bra	i2u24_47
  1245  0001A4  D000               	nop2	
  1246  0001A6                     
  1247                           ;main_LCD4bits.c: 96:     LATE0 = 0;
  1248  0001A6  908D               	bcf	3981,0,c	;volatile
  1249  0001A8                     
  1250                           ;main_LCD4bits.c: 97:     _delay((unsigned long)((10)*(8000000/4000.0)));
  1251  0001A8  0E1A               	movlw	26
  1252  0001AA  6E01               	movwf	??i2_LCD^0,c
  1253  0001AC  0EF8               	movlw	248
  1254  0001AE                     i2u25_47:
  1255  0001AE  2EE8               	decfsz	wreg,f,c
  1256  0001B0  D7FE               	bra	i2u25_47
  1257  0001B2  2E01               	decfsz	??i2_LCD^0,f,c
  1258  0001B4  D7FC               	bra	i2u25_47
  1259  0001B6  D000               	nop2	
  1260  0001B8  0012               	return		;funcret
  1261  0001BA                     __end_ofi2_LCD:
  1262                           	callstack 0
  1263  0000                     
  1264                           	psect	rparam
  1265  0000                     
  1266                           	psect	temp
  1267  000016                     btemp:
  1268                           	callstack 0
  1269  000016                     	ds	1
  1270  0000                     int$flags	set	btemp
  1271  0000                     wtemp8	set	btemp+1
  1272  0000                     ttemp5	set	btemp+1
  1273  0000                     ttemp6	set	btemp+4
  1274  0000                     ttemp7	set	btemp+8
  1275                           
  1276                           	psect	idloc
  1277                           
  1278                           ;Config register IDLOC0 @ 0x200000
  1279                           ;	unspecified, using default values
  1280  200000                     	org	2097152
  1281  200000  FF                 	db	255
  1282                           
  1283                           ;Config register IDLOC1 @ 0x200001
  1284                           ;	unspecified, using default values
  1285  200001                     	org	2097153
  1286  200001  FF                 	db	255
  1287                           
  1288                           ;Config register IDLOC2 @ 0x200002
  1289                           ;	unspecified, using default values
  1290  200002                     	org	2097154
  1291  200002  FF                 	db	255
  1292                           
  1293                           ;Config register IDLOC3 @ 0x200003
  1294                           ;	unspecified, using default values
  1295  200003                     	org	2097155
  1296  200003  FF                 	db	255
  1297                           
  1298                           ;Config register IDLOC4 @ 0x200004
  1299                           ;	unspecified, using default values
  1300  200004                     	org	2097156
  1301  200004  FF                 	db	255
  1302                           
  1303                           ;Config register IDLOC5 @ 0x200005
  1304                           ;	unspecified, using default values
  1305  200005                     	org	2097157
  1306  200005  FF                 	db	255
  1307                           
  1308                           ;Config register IDLOC6 @ 0x200006
  1309                           ;	unspecified, using default values
  1310  200006                     	org	2097158
  1311  200006  FF                 	db	255
  1312                           
  1313                           ;Config register IDLOC7 @ 0x200007
  1314                           ;	unspecified, using default values
  1315  200007                     	org	2097159
  1316  200007  FF                 	db	255
  1317                           
  1318                           	psect	config
  1319                           
  1320                           ;Config register CONFIG1L @ 0x300000
  1321                           ;	unspecified, using default values
  1322                           ;	PLL Prescaler Selection bits
  1323                           ;	PLLDIV = 0x0, unprogrammed default
  1324                           ;	System Clock Postscaler Selection bits
  1325                           ;	CPUDIV = 0x0, unprogrammed default
  1326                           ;	USB Clock Selection bit (used in Full-Speed USB mode only; UCFG:FSEN = 1)
  1327                           ;	USBDIV = 0x0, unprogrammed default
  1328  300000                     	org	3145728
  1329  300000  00                 	db	0
  1330                           
  1331                           ;Config register CONFIG1H @ 0x300001
  1332                           ;	Oscillator Selection bits
  1333                           ;	FOSC = INTOSC_HS, Internal oscillator, HS oscillator used by USB (INTHS)
  1334                           ;	Fail-Safe Clock Monitor Enable bit
  1335                           ;	FCMEN = 0x0, unprogrammed default
  1336                           ;	Internal/External Oscillator Switchover bit
  1337                           ;	IESO = 0x0, unprogrammed default
  1338  300001                     	org	3145729
  1339  300001  0B                 	db	11
  1340                           
  1341                           ;Config register CONFIG2L @ 0x300002
  1342                           ;	unspecified, using default values
  1343                           ;	Power-up Timer Enable bit
  1344                           ;	PWRT = 0x1, unprogrammed default
  1345                           ;	Brown-out Reset Enable bits
  1346                           ;	BOR = 0x3, unprogrammed default
  1347                           ;	Brown-out Reset Voltage bits
  1348                           ;	BORV = 0x3, unprogrammed default
  1349                           ;	USB Voltage Regulator Enable bit
  1350                           ;	VREGEN = 0x0, unprogrammed default
  1351  300002                     	org	3145730
  1352  300002  1F                 	db	31
  1353                           
  1354                           ;Config register CONFIG2H @ 0x300003
  1355                           ;	Watchdog Timer Enable bit
  1356                           ;	WDT = OFF, WDT disabled (control is placed on the SWDTEN bit)
  1357                           ;	Watchdog Timer Postscale Select bits
  1358                           ;	WDTPS = 0xF, unprogrammed default
  1359  300003                     	org	3145731
  1360  300003  1E                 	db	30
  1361                           
  1362                           ; Padding undefined space
  1363  300004                     	org	3145732
  1364  300004  FF                 	db	255
  1365                           
  1366                           ;Config register CONFIG3H @ 0x300005
  1367                           ;	unspecified, using default values
  1368                           ;	CCP2 MUX bit
  1369                           ;	CCP2MX = 0x1, unprogrammed default
  1370                           ;	PORTB A/D Enable bit
  1371                           ;	PBADEN = 0x1, unprogrammed default
  1372                           ;	Low-Power Timer 1 Oscillator Enable bit
  1373                           ;	LPT1OSC = 0x0, unprogrammed default
  1374                           ;	MCLR Pin Enable bit
  1375                           ;	MCLRE = 0x1, unprogrammed default
  1376  300005                     	org	3145733
  1377  300005  83                 	db	131
  1378                           
  1379                           ;Config register CONFIG4L @ 0x300006
  1380                           ;	Stack Full/Underflow Reset Enable bit
  1381                           ;	STVREN = 0x1, unprogrammed default
  1382                           ;	Single-Supply ICSP Enable bit
  1383                           ;	LVP = OFF, Single-Supply ICSP disabled
  1384                           ;	Dedicated In-Circuit Debug/Programming Port (ICPORT) Enable bit
  1385                           ;	ICPRT = 0x0, unprogrammed default
  1386                           ;	Extended Instruction Set Enable bit
  1387                           ;	XINST = 0x0, unprogrammed default
  1388                           ;	Background Debugger Enable bit
  1389                           ;	DEBUG = 0x1, unprogrammed default
  1390  300006                     	org	3145734
  1391  300006  81                 	db	129
  1392                           
  1393                           ; Padding undefined space
  1394  300007                     	org	3145735
  1395  300007  FF                 	db	255
  1396                           
  1397                           ;Config register CONFIG5L @ 0x300008
  1398                           ;	unspecified, using default values
  1399                           ;	Code Protection bit
  1400                           ;	CP0 = 0x1, unprogrammed default
  1401                           ;	Code Protection bit
  1402                           ;	CP1 = 0x1, unprogrammed default
  1403                           ;	Code Protection bit
  1404                           ;	CP2 = 0x1, unprogrammed default
  1405                           ;	Code Protection bit
  1406                           ;	CP3 = 0x1, unprogrammed default
  1407  300008                     	org	3145736
  1408  300008  0F                 	db	15
  1409                           
  1410                           ;Config register CONFIG5H @ 0x300009
  1411                           ;	unspecified, using default values
  1412                           ;	Boot Block Code Protection bit
  1413                           ;	CPB = 0x1, unprogrammed default
  1414                           ;	Data EEPROM Code Protection bit
  1415                           ;	CPD = 0x1, unprogrammed default
  1416  300009                     	org	3145737
  1417  300009  C0                 	db	192
  1418                           
  1419                           ;Config register CONFIG6L @ 0x30000A
  1420                           ;	unspecified, using default values
  1421                           ;	Write Protection bit
  1422                           ;	WRT0 = 0x1, unprogrammed default
  1423                           ;	Write Protection bit
  1424                           ;	WRT1 = 0x1, unprogrammed default
  1425                           ;	Write Protection bit
  1426                           ;	WRT2 = 0x1, unprogrammed default
  1427                           ;	Write Protection bit
  1428                           ;	WRT3 = 0x1, unprogrammed default
  1429  30000A                     	org	3145738
  1430  30000A  0F                 	db	15
  1431                           
  1432                           ;Config register CONFIG6H @ 0x30000B
  1433                           ;	unspecified, using default values
  1434                           ;	Configuration Register Write Protection bit
  1435                           ;	WRTC = 0x1, unprogrammed default
  1436                           ;	Boot Block Write Protection bit
  1437                           ;	WRTB = 0x1, unprogrammed default
  1438                           ;	Data EEPROM Write Protection bit
  1439                           ;	WRTD = 0x1, unprogrammed default
  1440  30000B                     	org	3145739
  1441  30000B  E0                 	db	224
  1442                           
  1443                           ;Config register CONFIG7L @ 0x30000C
  1444                           ;	unspecified, using default values
  1445                           ;	Table Read Protection bit
  1446                           ;	EBTR0 = 0x1, unprogrammed default
  1447                           ;	Table Read Protection bit
  1448                           ;	EBTR1 = 0x1, unprogrammed default
  1449                           ;	Table Read Protection bit
  1450                           ;	EBTR2 = 0x1, unprogrammed default
  1451                           ;	Table Read Protection bit
  1452                           ;	EBTR3 = 0x1, unprogrammed default
  1453  30000C                     	org	3145740
  1454  30000C  0F                 	db	15
  1455                           
  1456                           ;Config register CONFIG7H @ 0x30000D
  1457                           ;	unspecified, using default values
  1458                           ;	Boot Block Table Read Protection bit
  1459                           ;	EBTRB = 0x1, unprogrammed default
  1460  30000D                     	org	3145741
  1461  30000D  40                 	db	64
  1462                           tosu	equ	0xFFF
  1463                           tosh	equ	0xFFE
  1464                           tosl	equ	0xFFD
  1465                           stkptr	equ	0xFFC
  1466                           pclatu	equ	0xFFB
  1467                           pclath	equ	0xFFA
  1468                           pcl	equ	0xFF9
  1469                           tblptru	equ	0xFF8
  1470                           tblptrh	equ	0xFF7
  1471                           tblptrl	equ	0xFF6
  1472                           tablat	equ	0xFF5
  1473                           prodh	equ	0xFF4
  1474                           prodl	equ	0xFF3
  1475                           indf0	equ	0xFEF
  1476                           postinc0	equ	0xFEE
  1477                           postdec0	equ	0xFED
  1478                           preinc0	equ	0xFEC
  1479                           plusw0	equ	0xFEB
  1480                           fsr0h	equ	0xFEA
  1481                           fsr0l	equ	0xFE9
  1482                           wreg	equ	0xFE8
  1483                           indf1	equ	0xFE7
  1484                           postinc1	equ	0xFE6
  1485                           postdec1	equ	0xFE5
  1486                           preinc1	equ	0xFE4
  1487                           plusw1	equ	0xFE3
  1488                           fsr1h	equ	0xFE2
  1489                           fsr1l	equ	0xFE1
  1490                           bsr	equ	0xFE0
  1491                           indf2	equ	0xFDF
  1492                           postinc2	equ	0xFDE
  1493                           postdec2	equ	0xFDD
  1494                           preinc2	equ	0xFDC
  1495                           plusw2	equ	0xFDB
  1496                           fsr2h	equ	0xFDA
  1497                           fsr2l	equ	0xFD9
  1498                           status	equ	0xFD8

Data Sizes:
    Strings     0
    Constant    0
    Data        8
    BSS         2
    Persistent  0
    Stack       0

Auto Spaces:
    Space          Size  Autos    Used
    COMRAM           94     11      21
    BANK0           160      0       0
    BANK1           256      0       0
    BANK2           256      0       0
    BANK3           256      0       0
    BANK4           256      0       0
    BANK5           256      0       0
    BANK6           256      0       0
    BANK7           256      0       0

Pointer List with Targets:

    strlen@s	PTR const unsigned char  size(2) Largest target is 8
		 -> name(COMRAM[8]), 

    strlen@a	PTR const unsigned char  size(2) Largest target is 8
		 -> name(COMRAM[8]), 


Critical Paths under _main in COMRAM

    _settings->_SettingsLCD
    _SettingsLCD->_LCD

Critical Paths under _LCD_int in COMRAM

    _LCD_int->_PrintDataLCD
    _PrintDataLCD->_strlen
    _WriteLCD->i2_LCD
    _DisplayShiftRight->i2_SettingsLCD
    _DisplayShiftLeft->i2_SettingsLCD
    i2_SettingsLCD->i2_LCD

Critical Paths under _main in BANK0

    None.

Critical Paths under _LCD_int in BANK0

    None.

Critical Paths under _main in BANK1

    None.

Critical Paths under _LCD_int in BANK1

    None.

Critical Paths under _main in BANK2

    None.

Critical Paths under _LCD_int in BANK2

    None.

Critical Paths under _main in BANK3

    None.

Critical Paths under _LCD_int in BANK3

    None.

Critical Paths under _main in BANK4

    None.

Critical Paths under _LCD_int in BANK4

    None.

Critical Paths under _main in BANK5

    None.

Critical Paths under _LCD_int in BANK5

    None.

Critical Paths under _main in BANK6

    None.

Critical Paths under _LCD_int in BANK6

    None.

Critical Paths under _main in BANK7

    None.

Critical Paths under _LCD_int in BANK7

    None.

Call Graph Tables:

 ---------------------------------------------------------------------------------
 (Depth) Function   	        Calls       Base Space   Used Autos Params    Refs
 ---------------------------------------------------------------------------------
 (0) _main                                                 0     0      0      90
                           _settings
 ---------------------------------------------------------------------------------
 (1) _settings                                             0     0      0      90
                        _SettingsLCD
 ---------------------------------------------------------------------------------
 (2) _SettingsLCD                                          1     1      0      90
                                             10 COMRAM     1     1      0
                                _LCD
 ---------------------------------------------------------------------------------
 (3) _LCD                                                  2     2      0      60
                                              8 COMRAM     2     2      0
 ---------------------------------------------------------------------------------
 Estimated maximum stack depth 3
 ---------------------------------------------------------------------------------
 (Depth) Function   	        Calls       Base Space   Used Autos Params    Refs
 ---------------------------------------------------------------------------------
 (4) _LCD_int                                              2     2      0     694
                                              6 COMRAM     2     2      0
                   _DisplayShiftLeft
                  _DisplayShiftRight
                       _PrintDataLCD
 ---------------------------------------------------------------------------------
 (5) _PrintDataLCD                                         2     2      0     430
                                              4 COMRAM     2     2      0
                           _WriteLCD
                             _strlen
                      i2_SettingsLCD
 ---------------------------------------------------------------------------------
 (6) _strlen                                               4     2      2     166
                                              0 COMRAM     4     2      2
 ---------------------------------------------------------------------------------
 (6) _WriteLCD                                             1     1      0     132
                                              2 COMRAM     1     1      0
                              i2_LCD
 ---------------------------------------------------------------------------------
 (5) _DisplayShiftRight                                    2     2      0     132
                                              3 COMRAM     2     2      0
                      i2_SettingsLCD
 ---------------------------------------------------------------------------------
 (5) _DisplayShiftLeft                                     2     2      0     132
                                              3 COMRAM     2     2      0
                      i2_SettingsLCD
 ---------------------------------------------------------------------------------
 (6) i2_SettingsLCD                                        1     1      0     132
                                              2 COMRAM     1     1      0
                              i2_LCD
 ---------------------------------------------------------------------------------
 (7) i2_LCD                                                2     2      0      88
                                              0 COMRAM     2     2      0
 ---------------------------------------------------------------------------------
 Estimated maximum stack depth 7
 ---------------------------------------------------------------------------------

 Call Graph Graphs:

 _main (ROOT)
   _settings
     _SettingsLCD
       _LCD

 _LCD_int (ROOT)
   _DisplayShiftLeft
     i2_SettingsLCD
       i2_LCD
   _DisplayShiftRight
     i2_SettingsLCD
       i2_LCD
   _PrintDataLCD
     _WriteLCD
       i2_LCD
     _strlen
     i2_SettingsLCD
       i2_LCD

 Address spaces:
Name               Size   Autos  Total    Cost      Usage
BIGRAM             7FF      0       0      21        0.0%
EEDATA             100      0       0       0        0.0%
BITBANK7           100      0       0      18        0.0%
BANK7              100      0       0      19        0.0%
BITBANK6           100      0       0      16        0.0%
BANK6              100      0       0      17        0.0%
BITBANK5           100      0       0      14        0.0%
BANK5              100      0       0      15        0.0%
BITBANK4           100      0       0      12        0.0%
BANK4              100      0       0      13        0.0%
BITBANK3           100      0       0      10        0.0%
BANK3              100      0       0      11        0.0%
BITBANK2           100      0       0       8        0.0%
BANK2              100      0       0       9        0.0%
BITBANK1           100      0       0       6        0.0%
BANK1              100      0       0       7        0.0%
BITBANK0            A0      0       0       4        0.0%
BANK0               A0      0       0       5        0.0%
BITCOMRAM           5E      0       0       0        0.0%
COMRAM              5E      B      15       1       22.3%
BITSFR               0      0       0     200        0.0%
SFR                  0      0       0     200        0.0%
STACK                0      0       0       2        0.0%
NULL                 0      0       0       0        0.0%
ABS                  0      0      15      20        0.0%
DATA                 0      0      15       3        0.0%
CODE                 0      0       0       0        0.0%


Microchip Technology PIC18 Macro Assembler V2.31 build 20201012212115 
Symbol Table                                                                                   Wed Feb 10 23:53:25 2021

                         _i 0014                          l51 03DA                          l60 03A8  
                        l52 03DA                          l57 02FC                          l66 00E4  
                       l810 0396                         l812 0398                         l840 02E8  
                       l832 02BE                         l770 0014                         l850 02FA  
                       l842 02EE                         l834 02D6                         l780 00B0  
                       l772 0026                         l844 02F4                         l836 02DC  
                       l782 00C0                         l774 0036                         l846 02F6  
                       l838 02E2                         l784 00C2                         l776 005E  
                       l848 02F8                         l786 00D2                         l778 007C  
                       l788 00D4                         l892 03D6                         _GIE 007F97  
                       _LCD 0012                         u117 002C                         u127 0054  
                       u137 0082                         u147 00B6                         u157 00C8  
                       u167 00DA                         wreg 000FE8               i2_SettingsLCD 03C0  
                      ?_LCD 0001             __end_of_LCD_int 0366                        _LATD 000F8C  
                      _LATE 000F8D                        i2l60 03D4                        i2l63 03BE  
                      i2l72 035A                        i2l66 01B8                        i2l83 026C  
                      i2l78 021C                        i2l88 02BC                        _main 03D6  
                      _name 000C                        fsr2h 000FDA                        indf2 000FDF  
                      fsr1l 000FE1                        fsr2l 000FD9                        btemp 0016  
                      start 000E                ___param_bank 000000                       ??_LCD 0009  
                     ?_main 0001                       _LATE0 007C68                       _LATE1 007C69  
                     i2l910 0132                       i2l920 01A6                       i2l912 0150  
                     i2l904 00E8                       i2l922 01A8                       i2l914 0184  
                     i2l906 00FA                       i2l930 030A                       i2l916 0194  
                     i2l908 010A                       i2l940 03C4                       i2l924 03AC  
                     i2l932 030E                       i2l918 0196                       i2l926 03AE  
                     i2l934 0326                       i2l950 01F6                       i2l942 01BA  
                     i2l960 0246                       i2l768 0332                       i2l928 02FE  
                     i2l952 01FA                       i2l944 01C0                       i2l938 03C2  
                     i2l970 0276                       i2l962 024C                       i2l954 021E  
                     i2l946 01CC                       i2l964 0264                       i2l956 0226  
                     i2l948 01DE                       i2l974 0296                       i2l990 0358  
                     i2l982 033E                       i2l976 029C                       i2l968 026E  
                     i2l984 034C                       i2l978 02B4                       i2l986 0350  
                     i2l988 0354                       i2_LCD 00E6                       _TRISD 000F95  
                     _TRISE 000F96              ?i2_SettingsLCD 0001                       tablat 000FF5  
__size_of_DisplayShiftRight 0050                       ttemp5 0017                       ttemp6 001A  
                     ttemp7 001E                       status 000FD8                       wtemp8 0017  
           __initialization 0366                __end_of_main 03E2                      ??_main 000C  
             __activetblptr 000000                      ?i2_LCD 0001                   ??_LCD_int 0007  
                    _ADCON1 000FC1            __end_of_WriteLCD 03C0                      _INT2IE 007F84  
                    _INT2IF 007F81                      _OSCCON 000FD3                      i2u6_40 0326  
                    i2u6_41 0322                      i2u7_40 021C                      i2u7_41 0218  
                    i2u8_40 0242                      i2u8_41 023E                      i2u9_40 0292  
                    i2u9_41 028E                      _strlen 02FE                __pdataCOMRAM 000C  
           ??i2_SettingsLCD 0003               ??_SettingsLCD 000B            __end_of_settings 02FE  
                    tblptrh 000FF7                      tblptrl 000FF6                      tblptru 000FF8  
                __accesstop 0060     __end_of__initialization 038A                WriteLCD@word 0003  
             ___rparam_used 000001               __end_ofi2_LCD 01BA   __size_of_DisplayShiftLeft 0050  
            __pcstackCOMRAM 0001                     ??i2_LCD 0001                     LCD@data 000A  
       __end_of_SettingsLCD 03AA                   ?_WriteLCD 0001                     ?_strlen 0001  
                   _INTEDG2 007F8C                     _LCD_int 0008                     i2u10_40 034C  
                   i2u10_41 0348                     i2u20_47 0100                     i2u21_47 0128  
                   i2u22_47 0156                     i2u23_47 018A                     i2u24_47 019C  
                   i2u25_47 01AE                     i2u17_47 01E8                     i2u18_47 0256  
                   i2u19_47 02A6               ?_PrintDataLCD 0001                     __Hparam 0000  
                   __Lparam 0000                   ?_settings 0001                   i2LCD@data 0002  
                   __pcinit 0366                  ??_WriteLCD 0003                     __ramtop 0800  
                   __ptext0 03D6                     __ptext1 02BE                     __ptext2 0394  
                   __ptext3 0012                     __ptext5 01BA                     __ptext6 02FE  
                   __ptext7 03AA                     __ptext8 021E                     __ptext9 026E  
              __size_of_LCD 00D4             __size_of_strlen 0036                 _SettingsLCD 0394  
            ??_PrintDataLCD 0005              __pintcode_body 0334        end_of_initialization 038A  
                   int_func 0334            _DisplayShiftLeft 026E                     postdec1 000FE5  
                ??_settings 000C                     postinc0 000FEE                     strlen@a 0003  
                   strlen@s 0001               __pidataCOMRAM 03E2              __end_of_strlen 0334  
       start_initialization 0366                 __end_of_LCD 00E6       __end_ofi2_SettingsLCD 03D6  
      __end_of_PrintDataLCD 021E                    ??_strlen 0003           __size_of_WriteLCD 0016  
                  ?_LCD_int 0001                 __pbssCOMRAM 0014           i2SettingsLCD@word 0003  
                 __pintcode 0008           __size_of_settings 0040              __size_ofi2_LCD 00D4  
  __end_of_DisplayShiftLeft 02BE                ?_SettingsLCD 0001                    _LATDbits 000F8C  
          __size_of_LCD_int 035E                   copy_data0 037A                    __Hrparam 0000  
     __size_of_PrintDataLCD 0064                    __Lrparam 0000                    _WriteLCD 03AA  
                  __ptext10 03C0                    __ptext11 00E6                _PrintDataLCD 01BA  
             __size_of_main 000C                    _settings 02BE                    int$flags 0016  
      __size_of_SettingsLCD 0016                    intlevel2 0000           _DisplayShiftRight 021E  
        ?_DisplayShiftRight 0001      __size_ofi2_SettingsLCD 0016         ??_DisplayShiftRight 0004  
         ?_DisplayShiftLeft 0001             SettingsLCD@word 000B          ??_DisplayShiftLeft 0004  
 __end_of_DisplayShiftRight 026E  
